<?xml version="1.0" encoding="UTF-8"?>
<testsuite xmlns:xsi="http://www.w3.org/2001/XMLSchema-instance" xsi:noNamespaceSchemaLocation="https://maven.apache.org/surefire/maven-surefire-plugin/xsd/surefire-test-report.xsd" name="com.liangzd.realHeart.RealHeartApplicationTests" time="6.062" tests="1" errors="0" skipped="0" failures="0">
  <properties>
    <property name="sun.desktop" value="windows"/>
    <property name="awt.toolkit" value="sun.awt.windows.WToolkit"/>
    <property name="file.encoding.pkg" value="sun.io"/>
    <property name="java.specification.version" value="1.8"/>
    <property name="sun.cpu.isalist" value="amd64"/>
    <property name="sun.jnu.encoding" value="GBK"/>
    <property name="java.class.path" value="C:\work\project\sts\first\realHeart\target\test-classes;C:\work\project\sts\first\realHeart\target\classes;E:\work\project\LocalRepository\org\springframework\boot\spring-boot-starter-data-jpa\2.0.2.RELEASE\spring-boot-starter-data-jpa-2.0.2.RELEASE.jar;E:\work\project\LocalRepository\org\springframework\boot\spring-boot-starter\2.0.2.RELEASE\spring-boot-starter-2.0.2.RELEASE.jar;E:\work\project\LocalRepository\org\springframework\boot\spring-boot-starter-logging\2.0.2.RELEASE\spring-boot-starter-logging-2.0.2.RELEASE.jar;E:\work\project\LocalRepository\ch\qos\logback\logback-classic\1.2.3\logback-classic-1.2.3.jar;E:\work\project\LocalRepository\ch\qos\logback\logback-core\1.2.3\logback-core-1.2.3.jar;E:\work\project\LocalRepository\org\apache\logging\log4j\log4j-to-slf4j\2.10.0\log4j-to-slf4j-2.10.0.jar;E:\work\project\LocalRepository\org\apache\logging\log4j\log4j-api\2.10.0\log4j-api-2.10.0.jar;E:\work\project\LocalRepository\org\slf4j\jul-to-slf4j\1.7.25\jul-to-slf4j-1.7.25.jar;E:\work\project\LocalRepository\org\yaml\snakeyaml\1.19\snakeyaml-1.19.jar;E:\work\project\LocalRepository\org\springframework\boot\spring-boot-starter-aop\2.0.2.RELEASE\spring-boot-starter-aop-2.0.2.RELEASE.jar;E:\work\project\LocalRepository\org\springframework\spring-aop\5.0.6.RELEASE\spring-aop-5.0.6.RELEASE.jar;E:\work\project\LocalRepository\org\aspectj\aspectjweaver\1.8.13\aspectjweaver-1.8.13.jar;E:\work\project\LocalRepository\org\springframework\boot\spring-boot-starter-jdbc\2.0.2.RELEASE\spring-boot-starter-jdbc-2.0.2.RELEASE.jar;E:\work\project\LocalRepository\com\zaxxer\HikariCP\2.7.9\HikariCP-2.7.9.jar;E:\work\project\LocalRepository\org\springframework\spring-jdbc\5.0.6.RELEASE\spring-jdbc-5.0.6.RELEASE.jar;E:\work\project\LocalRepository\org\hibernate\hibernate-core\5.2.17.Final\hibernate-core-5.2.17.Final.jar;E:\work\project\LocalRepository\org\jboss\logging\jboss-logging\3.3.2.Final\jboss-logging-3.3.2.Final.jar;E:\work\project\LocalRepository\org\hibernate\javax\persistence\hibernate-jpa-2.1-api\1.0.0.Final\hibernate-jpa-2.1-api-1.0.0.Final.jar;E:\work\project\LocalRepository\org\javassist\javassist\3.22.0-GA\javassist-3.22.0-GA.jar;E:\work\project\LocalRepository\antlr\antlr\2.7.7\antlr-2.7.7.jar;E:\work\project\LocalRepository\org\jboss\jandex\2.0.3.Final\jandex-2.0.3.Final.jar;E:\work\project\LocalRepository\com\fasterxml\classmate\1.3.4\classmate-1.3.4.jar;E:\work\project\LocalRepository\dom4j\dom4j\1.6.1\dom4j-1.6.1.jar;E:\work\project\LocalRepository\org\hibernate\common\hibernate-commons-annotations\5.0.1.Final\hibernate-commons-annotations-5.0.1.Final.jar;E:\work\project\LocalRepository\javax\transaction\javax.transaction-api\1.2\javax.transaction-api-1.2.jar;E:\work\project\LocalRepository\org\springframework\data\spring-data-jpa\2.0.7.RELEASE\spring-data-jpa-2.0.7.RELEASE.jar;E:\work\project\LocalRepository\org\springframework\data\spring-data-commons\2.0.7.RELEASE\spring-data-commons-2.0.7.RELEASE.jar;E:\work\project\LocalRepository\org\springframework\spring-orm\5.0.6.RELEASE\spring-orm-5.0.6.RELEASE.jar;E:\work\project\LocalRepository\org\springframework\spring-context\5.0.6.RELEASE\spring-context-5.0.6.RELEASE.jar;E:\work\project\LocalRepository\org\springframework\spring-tx\5.0.6.RELEASE\spring-tx-5.0.6.RELEASE.jar;E:\work\project\LocalRepository\org\springframework\spring-beans\5.0.6.RELEASE\spring-beans-5.0.6.RELEASE.jar;E:\work\project\LocalRepository\org\slf4j\slf4j-api\1.7.25\slf4j-api-1.7.25.jar;E:\work\project\LocalRepository\org\springframework\spring-aspects\5.0.6.RELEASE\spring-aspects-5.0.6.RELEASE.jar;E:\work\project\LocalRepository\org\springframework\boot\spring-boot-starter-web\2.0.2.RELEASE\spring-boot-starter-web-2.0.2.RELEASE.jar;E:\work\project\LocalRepository\org\springframework\boot\spring-boot-starter-json\2.0.2.RELEASE\spring-boot-starter-json-2.0.2.RELEASE.jar;E:\work\project\LocalRepository\com\fasterxml\jackson\core\jackson-databind\2.9.5\jackson-databind-2.9.5.jar;E:\work\project\LocalRepository\com\fasterxml\jackson\core\jackson-annotations\2.9.0\jackson-annotations-2.9.0.jar;E:\work\project\LocalRepository\com\fasterxml\jackson\core\jackson-core\2.9.5\jackson-core-2.9.5.jar;E:\work\project\LocalRepository\com\fasterxml\jackson\datatype\jackson-datatype-jdk8\2.9.5\jackson-datatype-jdk8-2.9.5.jar;E:\work\project\LocalRepository\com\fasterxml\jackson\datatype\jackson-datatype-jsr310\2.9.5\jackson-datatype-jsr310-2.9.5.jar;E:\work\project\LocalRepository\com\fasterxml\jackson\module\jackson-module-parameter-names\2.9.5\jackson-module-parameter-names-2.9.5.jar;E:\work\project\LocalRepository\org\hibernate\validator\hibernate-validator\6.0.9.Final\hibernate-validator-6.0.9.Final.jar;E:\work\project\LocalRepository\javax\validation\validation-api\2.0.1.Final\validation-api-2.0.1.Final.jar;E:\work\project\LocalRepository\org\springframework\spring-web\5.0.6.RELEASE\spring-web-5.0.6.RELEASE.jar;E:\work\project\LocalRepository\org\springframework\spring-webmvc\5.0.6.RELEASE\spring-webmvc-5.0.6.RELEASE.jar;E:\work\project\LocalRepository\org\springframework\spring-expression\5.0.6.RELEASE\spring-expression-5.0.6.RELEASE.jar;E:\work\project\LocalRepository\mysql\mysql-connector-java\5.1.46\mysql-connector-java-5.1.46.jar;E:\work\project\LocalRepository\org\springframework\boot\spring-boot-starter-tomcat\2.0.2.RELEASE\spring-boot-starter-tomcat-2.0.2.RELEASE.jar;E:\work\project\LocalRepository\javax\annotation\javax.annotation-api\1.3.2\javax.annotation-api-1.3.2.jar;E:\work\project\LocalRepository\org\apache\tomcat\embed\tomcat-embed-core\8.5.31\tomcat-embed-core-8.5.31.jar;E:\work\project\LocalRepository\org\apache\tomcat\embed\tomcat-embed-el\8.5.31\tomcat-embed-el-8.5.31.jar;E:\work\project\LocalRepository\org\apache\tomcat\embed\tomcat-embed-websocket\8.5.31\tomcat-embed-websocket-8.5.31.jar;E:\work\project\LocalRepository\org\springframework\boot\spring-boot-starter-test\2.0.2.RELEASE\spring-boot-starter-test-2.0.2.RELEASE.jar;E:\work\project\LocalRepository\org\springframework\boot\spring-boot-test\2.0.2.RELEASE\spring-boot-test-2.0.2.RELEASE.jar;E:\work\project\LocalRepository\org\springframework\boot\spring-boot-test-autoconfigure\2.0.2.RELEASE\spring-boot-test-autoconfigure-2.0.2.RELEASE.jar;E:\work\project\LocalRepository\com\jayway\jsonpath\json-path\2.4.0\json-path-2.4.0.jar;E:\work\project\LocalRepository\net\minidev\json-smart\2.3\json-smart-2.3.jar;E:\work\project\LocalRepository\net\minidev\accessors-smart\1.2\accessors-smart-1.2.jar;E:\work\project\LocalRepository\org\ow2\asm\asm\5.0.4\asm-5.0.4.jar;E:\work\project\LocalRepository\junit\junit\4.12\junit-4.12.jar;E:\work\project\LocalRepository\org\assertj\assertj-core\3.9.1\assertj-core-3.9.1.jar;E:\work\project\LocalRepository\org\mockito\mockito-core\2.15.0\mockito-core-2.15.0.jar;E:\work\project\LocalRepository\net\bytebuddy\byte-buddy\1.7.11\byte-buddy-1.7.11.jar;E:\work\project\LocalRepository\net\bytebuddy\byte-buddy-agent\1.7.11\byte-buddy-agent-1.7.11.jar;E:\work\project\LocalRepository\org\objenesis\objenesis\2.6\objenesis-2.6.jar;E:\work\project\LocalRepository\org\hamcrest\hamcrest-core\1.3\hamcrest-core-1.3.jar;E:\work\project\LocalRepository\org\hamcrest\hamcrest-library\1.3\hamcrest-library-1.3.jar;E:\work\project\LocalRepository\org\skyscreamer\jsonassert\1.5.0\jsonassert-1.5.0.jar;E:\work\project\LocalRepository\com\vaadin\external\google\android-json\0.0.20131108.vaadin1\android-json-0.0.20131108.vaadin1.jar;E:\work\project\LocalRepository\org\springframework\spring-core\5.0.6.RELEASE\spring-core-5.0.6.RELEASE.jar;E:\work\project\LocalRepository\org\springframework\spring-jcl\5.0.6.RELEASE\spring-jcl-5.0.6.RELEASE.jar;E:\work\project\LocalRepository\org\springframework\spring-test\5.0.6.RELEASE\spring-test-5.0.6.RELEASE.jar;E:\work\project\LocalRepository\org\xmlunit\xmlunit-core\2.5.1\xmlunit-core-2.5.1.jar;E:\work\project\LocalRepository\org\springframework\boot\spring-boot-devtools\2.0.2.RELEASE\spring-boot-devtools-2.0.2.RELEASE.jar;E:\work\project\LocalRepository\org\springframework\boot\spring-boot\2.0.2.RELEASE\spring-boot-2.0.2.RELEASE.jar;E:\work\project\LocalRepository\org\springframework\boot\spring-boot-autoconfigure\2.0.2.RELEASE\spring-boot-autoconfigure-2.0.2.RELEASE.jar;E:\work\project\LocalRepository\org\springframework\boot\spring-boot-starter-thymeleaf\2.0.2.RELEASE\spring-boot-starter-thymeleaf-2.0.2.RELEASE.jar;E:\work\project\LocalRepository\org\thymeleaf\thymeleaf-spring5\3.0.9.RELEASE\thymeleaf-spring5-3.0.9.RELEASE.jar;E:\work\project\LocalRepository\org\thymeleaf\thymeleaf\3.0.9.RELEASE\thymeleaf-3.0.9.RELEASE.jar;E:\work\project\LocalRepository\org\attoparser\attoparser\2.0.4.RELEASE\attoparser-2.0.4.RELEASE.jar;E:\work\project\LocalRepository\org\unbescape\unbescape\1.1.5.RELEASE\unbescape-1.1.5.RELEASE.jar;E:\work\project\LocalRepository\org\thymeleaf\extras\thymeleaf-extras-java8time\3.0.1.RELEASE\thymeleaf-extras-java8time-3.0.1.RELEASE.jar;E:\work\project\LocalRepository\com\alibaba\fastjson\1.2.47\fastjson-1.2.47.jar;E:\work\project\LocalRepository\org\apache\shiro\shiro-spring\1.4.0\shiro-spring-1.4.0.jar;E:\work\project\LocalRepository\org\apache\shiro\shiro-core\1.4.0\shiro-core-1.4.0.jar;E:\work\project\LocalRepository\org\apache\shiro\shiro-lang\1.4.0\shiro-lang-1.4.0.jar;E:\work\project\LocalRepository\org\apache\shiro\shiro-cache\1.4.0\shiro-cache-1.4.0.jar;E:\work\project\LocalRepository\org\apache\shiro\shiro-crypto-hash\1.4.0\shiro-crypto-hash-1.4.0.jar;E:\work\project\LocalRepository\org\apache\shiro\shiro-crypto-core\1.4.0\shiro-crypto-core-1.4.0.jar;E:\work\project\LocalRepository\org\apache\shiro\shiro-crypto-cipher\1.4.0\shiro-crypto-cipher-1.4.0.jar;E:\work\project\LocalRepository\org\apache\shiro\shiro-config-core\1.4.0\shiro-config-core-1.4.0.jar;E:\work\project\LocalRepository\org\apache\shiro\shiro-config-ogdl\1.4.0\shiro-config-ogdl-1.4.0.jar;E:\work\project\LocalRepository\commons-beanutils\commons-beanutils\1.9.3\commons-beanutils-1.9.3.jar;E:\work\project\LocalRepository\commons-collections\commons-collections\3.2.2\commons-collections-3.2.2.jar;E:\work\project\LocalRepository\org\apache\shiro\shiro-event\1.4.0\shiro-event-1.4.0.jar;E:\work\project\LocalRepository\org\apache\shiro\shiro-web\1.4.0\shiro-web-1.4.0.jar;E:\work\project\LocalRepository\com\alibaba\druid\1.0.28\druid-1.0.28.jar;C:\work\environment\Java\jdk1.8.0_152\jre\..\lib\jconsole.jar;C:\work\environment\Java\jdk1.8.0_152\jre\..\lib\tools.jar;E:\work\project\LocalRepository\com\liangzd\verifyCode\0.0.1-SNAPSHOT\verifyCode-0.0.1-SNAPSHOT.jar;E:\work\project\LocalRepository\org\apache\httpcomponents\httpclient\4.5.5\httpclient-4.5.5.jar;E:\work\project\LocalRepository\org\apache\httpcomponents\httpcore\4.4.9\httpcore-4.4.9.jar;E:\work\project\LocalRepository\commons-codec\commons-codec\1.11\commons-codec-1.11.jar;E:\work\project\LocalRepository\javax\mail\mail\1.4\mail-1.4.jar;E:\work\project\LocalRepository\javax\activation\activation\1.1\activation-1.1.jar;"/>
    <property name="java.vm.vendor" value="Oracle Corporation"/>
    <property name="sun.arch.data.model" value="64"/>
    <property name="user.variant" value=""/>
    <property name="java.vendor.url" value="http://java.oracle.com/"/>
    <property name="user.timezone" value=""/>
    <property name="java.vm.specification.version" value="1.8"/>
    <property name="os.name" value="Windows 7"/>
    <property name="user.country" value="CN"/>
    <property name="sun.java.launcher" value="SUN_STANDARD"/>
    <property name="sun.boot.library.path" value="C:\work\environment\Java\jdk1.8.0_152\jre\bin"/>
    <property name="sun.java.command" value="C:\Users\ADMINI~1\AppData\Local\Temp\surefire7012750161043328941\surefirebooter1625807094446238162.jar C:\Users\Administrator\AppData\Local\Temp\surefire7012750161043328941 2018-06-01T01-25-17_985-jvmRun1 surefire7634646587876376357tmp surefire_09222524016526026361tmp"/>
    <property name="surefire.test.class.path" value="C:\work\project\sts\first\realHeart\target\test-classes;C:\work\project\sts\first\realHeart\target\classes;E:\work\project\LocalRepository\org\springframework\boot\spring-boot-starter-data-jpa\2.0.2.RELEASE\spring-boot-starter-data-jpa-2.0.2.RELEASE.jar;E:\work\project\LocalRepository\org\springframework\boot\spring-boot-starter\2.0.2.RELEASE\spring-boot-starter-2.0.2.RELEASE.jar;E:\work\project\LocalRepository\org\springframework\boot\spring-boot-starter-logging\2.0.2.RELEASE\spring-boot-starter-logging-2.0.2.RELEASE.jar;E:\work\project\LocalRepository\ch\qos\logback\logback-classic\1.2.3\logback-classic-1.2.3.jar;E:\work\project\LocalRepository\ch\qos\logback\logback-core\1.2.3\logback-core-1.2.3.jar;E:\work\project\LocalRepository\org\apache\logging\log4j\log4j-to-slf4j\2.10.0\log4j-to-slf4j-2.10.0.jar;E:\work\project\LocalRepository\org\apache\logging\log4j\log4j-api\2.10.0\log4j-api-2.10.0.jar;E:\work\project\LocalRepository\org\slf4j\jul-to-slf4j\1.7.25\jul-to-slf4j-1.7.25.jar;E:\work\project\LocalRepository\org\yaml\snakeyaml\1.19\snakeyaml-1.19.jar;E:\work\project\LocalRepository\org\springframework\boot\spring-boot-starter-aop\2.0.2.RELEASE\spring-boot-starter-aop-2.0.2.RELEASE.jar;E:\work\project\LocalRepository\org\springframework\spring-aop\5.0.6.RELEASE\spring-aop-5.0.6.RELEASE.jar;E:\work\project\LocalRepository\org\aspectj\aspectjweaver\1.8.13\aspectjweaver-1.8.13.jar;E:\work\project\LocalRepository\org\springframework\boot\spring-boot-starter-jdbc\2.0.2.RELEASE\spring-boot-starter-jdbc-2.0.2.RELEASE.jar;E:\work\project\LocalRepository\com\zaxxer\HikariCP\2.7.9\HikariCP-2.7.9.jar;E:\work\project\LocalRepository\org\springframework\spring-jdbc\5.0.6.RELEASE\spring-jdbc-5.0.6.RELEASE.jar;E:\work\project\LocalRepository\org\hibernate\hibernate-core\5.2.17.Final\hibernate-core-5.2.17.Final.jar;E:\work\project\LocalRepository\org\jboss\logging\jboss-logging\3.3.2.Final\jboss-logging-3.3.2.Final.jar;E:\work\project\LocalRepository\org\hibernate\javax\persistence\hibernate-jpa-2.1-api\1.0.0.Final\hibernate-jpa-2.1-api-1.0.0.Final.jar;E:\work\project\LocalRepository\org\javassist\javassist\3.22.0-GA\javassist-3.22.0-GA.jar;E:\work\project\LocalRepository\antlr\antlr\2.7.7\antlr-2.7.7.jar;E:\work\project\LocalRepository\org\jboss\jandex\2.0.3.Final\jandex-2.0.3.Final.jar;E:\work\project\LocalRepository\com\fasterxml\classmate\1.3.4\classmate-1.3.4.jar;E:\work\project\LocalRepository\dom4j\dom4j\1.6.1\dom4j-1.6.1.jar;E:\work\project\LocalRepository\org\hibernate\common\hibernate-commons-annotations\5.0.1.Final\hibernate-commons-annotations-5.0.1.Final.jar;E:\work\project\LocalRepository\javax\transaction\javax.transaction-api\1.2\javax.transaction-api-1.2.jar;E:\work\project\LocalRepository\org\springframework\data\spring-data-jpa\2.0.7.RELEASE\spring-data-jpa-2.0.7.RELEASE.jar;E:\work\project\LocalRepository\org\springframework\data\spring-data-commons\2.0.7.RELEASE\spring-data-commons-2.0.7.RELEASE.jar;E:\work\project\LocalRepository\org\springframework\spring-orm\5.0.6.RELEASE\spring-orm-5.0.6.RELEASE.jar;E:\work\project\LocalRepository\org\springframework\spring-context\5.0.6.RELEASE\spring-context-5.0.6.RELEASE.jar;E:\work\project\LocalRepository\org\springframework\spring-tx\5.0.6.RELEASE\spring-tx-5.0.6.RELEASE.jar;E:\work\project\LocalRepository\org\springframework\spring-beans\5.0.6.RELEASE\spring-beans-5.0.6.RELEASE.jar;E:\work\project\LocalRepository\org\slf4j\slf4j-api\1.7.25\slf4j-api-1.7.25.jar;E:\work\project\LocalRepository\org\springframework\spring-aspects\5.0.6.RELEASE\spring-aspects-5.0.6.RELEASE.jar;E:\work\project\LocalRepository\org\springframework\boot\spring-boot-starter-web\2.0.2.RELEASE\spring-boot-starter-web-2.0.2.RELEASE.jar;E:\work\project\LocalRepository\org\springframework\boot\spring-boot-starter-json\2.0.2.RELEASE\spring-boot-starter-json-2.0.2.RELEASE.jar;E:\work\project\LocalRepository\com\fasterxml\jackson\core\jackson-databind\2.9.5\jackson-databind-2.9.5.jar;E:\work\project\LocalRepository\com\fasterxml\jackson\core\jackson-annotations\2.9.0\jackson-annotations-2.9.0.jar;E:\work\project\LocalRepository\com\fasterxml\jackson\core\jackson-core\2.9.5\jackson-core-2.9.5.jar;E:\work\project\LocalRepository\com\fasterxml\jackson\datatype\jackson-datatype-jdk8\2.9.5\jackson-datatype-jdk8-2.9.5.jar;E:\work\project\LocalRepository\com\fasterxml\jackson\datatype\jackson-datatype-jsr310\2.9.5\jackson-datatype-jsr310-2.9.5.jar;E:\work\project\LocalRepository\com\fasterxml\jackson\module\jackson-module-parameter-names\2.9.5\jackson-module-parameter-names-2.9.5.jar;E:\work\project\LocalRepository\org\hibernate\validator\hibernate-validator\6.0.9.Final\hibernate-validator-6.0.9.Final.jar;E:\work\project\LocalRepository\javax\validation\validation-api\2.0.1.Final\validation-api-2.0.1.Final.jar;E:\work\project\LocalRepository\org\springframework\spring-web\5.0.6.RELEASE\spring-web-5.0.6.RELEASE.jar;E:\work\project\LocalRepository\org\springframework\spring-webmvc\5.0.6.RELEASE\spring-webmvc-5.0.6.RELEASE.jar;E:\work\project\LocalRepository\org\springframework\spring-expression\5.0.6.RELEASE\spring-expression-5.0.6.RELEASE.jar;E:\work\project\LocalRepository\mysql\mysql-connector-java\5.1.46\mysql-connector-java-5.1.46.jar;E:\work\project\LocalRepository\org\springframework\boot\spring-boot-starter-tomcat\2.0.2.RELEASE\spring-boot-starter-tomcat-2.0.2.RELEASE.jar;E:\work\project\LocalRepository\javax\annotation\javax.annotation-api\1.3.2\javax.annotation-api-1.3.2.jar;E:\work\project\LocalRepository\org\apache\tomcat\embed\tomcat-embed-core\8.5.31\tomcat-embed-core-8.5.31.jar;E:\work\project\LocalRepository\org\apache\tomcat\embed\tomcat-embed-el\8.5.31\tomcat-embed-el-8.5.31.jar;E:\work\project\LocalRepository\org\apache\tomcat\embed\tomcat-embed-websocket\8.5.31\tomcat-embed-websocket-8.5.31.jar;E:\work\project\LocalRepository\org\springframework\boot\spring-boot-starter-test\2.0.2.RELEASE\spring-boot-starter-test-2.0.2.RELEASE.jar;E:\work\project\LocalRepository\org\springframework\boot\spring-boot-test\2.0.2.RELEASE\spring-boot-test-2.0.2.RELEASE.jar;E:\work\project\LocalRepository\org\springframework\boot\spring-boot-test-autoconfigure\2.0.2.RELEASE\spring-boot-test-autoconfigure-2.0.2.RELEASE.jar;E:\work\project\LocalRepository\com\jayway\jsonpath\json-path\2.4.0\json-path-2.4.0.jar;E:\work\project\LocalRepository\net\minidev\json-smart\2.3\json-smart-2.3.jar;E:\work\project\LocalRepository\net\minidev\accessors-smart\1.2\accessors-smart-1.2.jar;E:\work\project\LocalRepository\org\ow2\asm\asm\5.0.4\asm-5.0.4.jar;E:\work\project\LocalRepository\junit\junit\4.12\junit-4.12.jar;E:\work\project\LocalRepository\org\assertj\assertj-core\3.9.1\assertj-core-3.9.1.jar;E:\work\project\LocalRepository\org\mockito\mockito-core\2.15.0\mockito-core-2.15.0.jar;E:\work\project\LocalRepository\net\bytebuddy\byte-buddy\1.7.11\byte-buddy-1.7.11.jar;E:\work\project\LocalRepository\net\bytebuddy\byte-buddy-agent\1.7.11\byte-buddy-agent-1.7.11.jar;E:\work\project\LocalRepository\org\objenesis\objenesis\2.6\objenesis-2.6.jar;E:\work\project\LocalRepository\org\hamcrest\hamcrest-core\1.3\hamcrest-core-1.3.jar;E:\work\project\LocalRepository\org\hamcrest\hamcrest-library\1.3\hamcrest-library-1.3.jar;E:\work\project\LocalRepository\org\skyscreamer\jsonassert\1.5.0\jsonassert-1.5.0.jar;E:\work\project\LocalRepository\com\vaadin\external\google\android-json\0.0.20131108.vaadin1\android-json-0.0.20131108.vaadin1.jar;E:\work\project\LocalRepository\org\springframework\spring-core\5.0.6.RELEASE\spring-core-5.0.6.RELEASE.jar;E:\work\project\LocalRepository\org\springframework\spring-jcl\5.0.6.RELEASE\spring-jcl-5.0.6.RELEASE.jar;E:\work\project\LocalRepository\org\springframework\spring-test\5.0.6.RELEASE\spring-test-5.0.6.RELEASE.jar;E:\work\project\LocalRepository\org\xmlunit\xmlunit-core\2.5.1\xmlunit-core-2.5.1.jar;E:\work\project\LocalRepository\org\springframework\boot\spring-boot-devtools\2.0.2.RELEASE\spring-boot-devtools-2.0.2.RELEASE.jar;E:\work\project\LocalRepository\org\springframework\boot\spring-boot\2.0.2.RELEASE\spring-boot-2.0.2.RELEASE.jar;E:\work\project\LocalRepository\org\springframework\boot\spring-boot-autoconfigure\2.0.2.RELEASE\spring-boot-autoconfigure-2.0.2.RELEASE.jar;E:\work\project\LocalRepository\org\springframework\boot\spring-boot-starter-thymeleaf\2.0.2.RELEASE\spring-boot-starter-thymeleaf-2.0.2.RELEASE.jar;E:\work\project\LocalRepository\org\thymeleaf\thymeleaf-spring5\3.0.9.RELEASE\thymeleaf-spring5-3.0.9.RELEASE.jar;E:\work\project\LocalRepository\org\thymeleaf\thymeleaf\3.0.9.RELEASE\thymeleaf-3.0.9.RELEASE.jar;E:\work\project\LocalRepository\org\attoparser\attoparser\2.0.4.RELEASE\attoparser-2.0.4.RELEASE.jar;E:\work\project\LocalRepository\org\unbescape\unbescape\1.1.5.RELEASE\unbescape-1.1.5.RELEASE.jar;E:\work\project\LocalRepository\org\thymeleaf\extras\thymeleaf-extras-java8time\3.0.1.RELEASE\thymeleaf-extras-java8time-3.0.1.RELEASE.jar;E:\work\project\LocalRepository\com\alibaba\fastjson\1.2.47\fastjson-1.2.47.jar;E:\work\project\LocalRepository\org\apache\shiro\shiro-spring\1.4.0\shiro-spring-1.4.0.jar;E:\work\project\LocalRepository\org\apache\shiro\shiro-core\1.4.0\shiro-core-1.4.0.jar;E:\work\project\LocalRepository\org\apache\shiro\shiro-lang\1.4.0\shiro-lang-1.4.0.jar;E:\work\project\LocalRepository\org\apache\shiro\shiro-cache\1.4.0\shiro-cache-1.4.0.jar;E:\work\project\LocalRepository\org\apache\shiro\shiro-crypto-hash\1.4.0\shiro-crypto-hash-1.4.0.jar;E:\work\project\LocalRepository\org\apache\shiro\shiro-crypto-core\1.4.0\shiro-crypto-core-1.4.0.jar;E:\work\project\LocalRepository\org\apache\shiro\shiro-crypto-cipher\1.4.0\shiro-crypto-cipher-1.4.0.jar;E:\work\project\LocalRepository\org\apache\shiro\shiro-config-core\1.4.0\shiro-config-core-1.4.0.jar;E:\work\project\LocalRepository\org\apache\shiro\shiro-config-ogdl\1.4.0\shiro-config-ogdl-1.4.0.jar;E:\work\project\LocalRepository\commons-beanutils\commons-beanutils\1.9.3\commons-beanutils-1.9.3.jar;E:\work\project\LocalRepository\commons-collections\commons-collections\3.2.2\commons-collections-3.2.2.jar;E:\work\project\LocalRepository\org\apache\shiro\shiro-event\1.4.0\shiro-event-1.4.0.jar;E:\work\project\LocalRepository\org\apache\shiro\shiro-web\1.4.0\shiro-web-1.4.0.jar;E:\work\project\LocalRepository\com\alibaba\druid\1.0.28\druid-1.0.28.jar;C:\work\environment\Java\jdk1.8.0_152\jre\..\lib\jconsole.jar;C:\work\environment\Java\jdk1.8.0_152\jre\..\lib\tools.jar;E:\work\project\LocalRepository\com\liangzd\verifyCode\0.0.1-SNAPSHOT\verifyCode-0.0.1-SNAPSHOT.jar;E:\work\project\LocalRepository\org\apache\httpcomponents\httpclient\4.5.5\httpclient-4.5.5.jar;E:\work\project\LocalRepository\org\apache\httpcomponents\httpcore\4.4.9\httpcore-4.4.9.jar;E:\work\project\LocalRepository\commons-codec\commons-codec\1.11\commons-codec-1.11.jar;E:\work\project\LocalRepository\javax\mail\mail\1.4\mail-1.4.jar;E:\work\project\LocalRepository\javax\activation\activation\1.1\activation-1.1.jar;"/>
    <property name="sun.cpu.endian" value="little"/>
    <property name="user.home" value="C:\Users\Administrator"/>
    <property name="user.language" value="zh"/>
    <property name="java.specification.vendor" value="Oracle Corporation"/>
    <property name="java.home" value="C:\work\environment\Java\jdk1.8.0_152\jre"/>
    <property name="basedir" value="C:\work\project\sts\first\realHeart"/>
    <property name="file.separator" value="\"/>
    <property name="line.separator" value="&#10;"/>
    <property name="java.vm.specification.vendor" value="Oracle Corporation"/>
    <property name="java.specification.name" value="Java Platform API Specification"/>
    <property name="java.awt.graphicsenv" value="sun.awt.Win32GraphicsEnvironment"/>
    <property name="surefire.real.class.path" value="C:\Users\ADMINI~1\AppData\Local\Temp\surefire7012750161043328941\surefirebooter1625807094446238162.jar"/>
    <property name="sun.boot.class.path" value="C:\work\environment\Java\jdk1.8.0_152\jre\lib\resources.jar;C:\work\environment\Java\jdk1.8.0_152\jre\lib\rt.jar;C:\work\environment\Java\jdk1.8.0_152\jre\lib\sunrsasign.jar;C:\work\environment\Java\jdk1.8.0_152\jre\lib\jsse.jar;C:\work\environment\Java\jdk1.8.0_152\jre\lib\jce.jar;C:\work\environment\Java\jdk1.8.0_152\jre\lib\charsets.jar;C:\work\environment\Java\jdk1.8.0_152\jre\lib\jfr.jar;C:\work\environment\Java\jdk1.8.0_152\jre\classes"/>
    <property name="user.script" value=""/>
    <property name="sun.management.compiler" value="HotSpot 64-Bit Tiered Compilers"/>
    <property name="java.runtime.version" value="1.8.0_152-b16"/>
    <property name="user.name" value="Administrator"/>
    <property name="path.separator" value=";"/>
    <property name="os.version" value="6.1"/>
    <property name="java.endorsed.dirs" value="C:\work\environment\Java\jdk1.8.0_152\jre\lib\endorsed"/>
    <property name="java.runtime.name" value="Java(TM) SE Runtime Environment"/>
    <property name="file.encoding" value="GBK"/>
    <property name="java.vm.name" value="Java HotSpot(TM) 64-Bit Server VM"/>
    <property name="localRepository" value="E:\work\project\LocalRepository"/>
    <property name="java.vendor.url.bug" value="http://bugreport.sun.com/bugreport/"/>
    <property name="java.io.tmpdir" value="C:\Users\ADMINI~1\AppData\Local\Temp\"/>
    <property name="java.version" value="1.8.0_152"/>
    <property name="user.dir" value="C:\work\project\sts\first\realHeart"/>
    <property name="os.arch" value="amd64"/>
    <property name="java.vm.specification.name" value="Java Virtual Machine Specification"/>
    <property name="java.awt.printerjob" value="sun.awt.windows.WPrinterJob"/>
    <property name="sun.os.patch.level" value="Service Pack 1"/>
    <property name="java.library.path" value="C:\work\environment\Java\jdk1.8.0_152\jre\bin;C:\Windows\Sun\Java\bin;C:\Windows\system32;C:\Windows;C:/work/environment/Java/jre1.8.0_152/bin/server;C:/work/environment/Java/jre1.8.0_152/bin;C:/work/environment/Java/jre1.8.0_152/lib/amd64;C:\ProgramData\Oracle\Java\javapath;C:\Windows\system32;C:\Windows;C:\Windows\System32\Wbem;C:\Windows\System32\WindowsPowerShell\v1.0\;C:\Program Files (x86)\NVIDIA Corporation\PhysX\Common;C:\work\environment\Java\jdk1.8.0_152\bin;C:\work\environment\mysql-5.6.24-win32\bin;C:\work\environment\apache-maven-3.5.2\bin;C:\Users\Administrator\AppData\Local\GitHubDesktop\bin;%SDK_HOME%\tools;%SDK_HOME%\platform-tools;;C:\work\environment\sts-bundle\sts-3.9.4.RELEASE;;."/>
    <property name="java.vm.info" value="mixed mode"/>
    <property name="java.vendor" value="Oracle Corporation"/>
    <property name="java.vm.version" value="25.152-b16"/>
    <property name="java.ext.dirs" value="C:\work\environment\Java\jdk1.8.0_152\jre\lib\ext;C:\Windows\Sun\Java\lib\ext"/>
    <property name="sun.io.unicode.encoding" value="UnicodeLittle"/>
    <property name="java.class.version" value="52.0"/>
  </properties>
  <testcase name="contextLoads" classname="com.liangzd.realHeart.RealHeartApplicationTests" time="0.171"/>
</testsuite>